<?xml version="1.0" encoding="UTF-8"?>
<testng-results ignored="0" total="1" passed="1" failed="0" skipped="0">
  <reporter-output>
  </reporter-output>
  <suite started-at="2024-12-05T13:46:41 PKT" name="suite" finished-at="2024-12-05T13:47:13 PKT" duration-ms="32441">
    <groups>
    </groups>
    <test started-at="2024-12-05T13:46:41 PKT" name="Test" finished-at="2024-12-05T13:47:13 PKT" duration-ms="32441">
      <class name="com.itlearn.testcases.SearchTestCase">
        <test-method is-config="true" signature="setup()[pri:0, instance:com.itlearn.testcases.SearchTestCase@5bd03f44]" started-at="2024-12-05T13:46:41 PKT" name="setup" finished-at="2024-12-05T13:46:58 PKT" duration-ms="17504" status="PASS">
          <reporter-output>
          </reporter-output>
        </test-method> <!-- setup -->
        <test-method signature="searchCourseTesr()[pri:1, instance:com.itlearn.testcases.SearchTestCase@5bd03f44]" started-at="2024-12-05T13:46:58 PKT" name="searchCourseTesr" finished-at="2024-12-05T13:47:13 PKT" duration-ms="14312" status="PASS">
          <reporter-output>
          </reporter-output>
        </test-method> <!-- searchCourseTesr -->
        <test-method is-config="true" signature="tearDown()[pri:0, instance:com.itlearn.testcases.SearchTestCase@5bd03f44]" started-at="2024-12-05T13:47:13 PKT" name="tearDown" finished-at="2024-12-05T13:47:13 PKT" duration-ms="368" status="PASS">
          <reporter-output>
          </reporter-output>
        </test-method> <!-- tearDown -->
      </class> <!-- com.itlearn.testcases.SearchTestCase -->
    </test> <!-- Test -->
  </suite> <!-- suite -->
</testng-results>
